Using pre-set license
Built from '2020.3/staging' branch; Version is '2020.3.11f1 (99c7afb366b3) revision 10078127'; Using compiler version '192528614'; Build Type 'Release'
OS: 'Windows 10 Pro; OS build 19042.1237; Version 2009; 64bit' Language: 'en' Physical Memory: 32712 MB
BatchMode: 1, IsHumanControllingUs: 0, StartBugReporterOnCrash: 0, Is64bit: 1, IsPro: 0

 COMMAND LINE ARGUMENTS:
C:\Program Files\Unity\Hub\Editor\2020.3.11f1\Editor\Unity.exe
-adb2
-batchMode
-noUpm
-name
AssetImportWorker0
-projectPath
D:/UNITY/Luminary2022
-logFile
Logs/AssetImportWorker0.log
-srvPort
54768
Successfully changed project path to: D:/UNITY/Luminary2022
D:/UNITY/Luminary2022
Using Asset Import Pipeline V2.
Refreshing native plugins compatible for Editor in 66.51 ms, found 19 plugins.
Preloading 3 native plugins for Editor in 2.77 ms.
Initialize engine version: 2020.3.11f1 (99c7afb366b3)
[Subsystems] Discovering subsystems at path C:/Program Files/Unity/Hub/Editor/2020.3.11f1/Editor/Data/Resources/UnitySubsystems
[Subsystems] Discovering subsystems at path D:/UNITY/Luminary2022/Assets
GfxDevice: creating device client; threaded=0
Direct3D:
    Version:  Direct3D 11.0 [level 11.1]
    Renderer: NVIDIA GeForce RTX 3090 (ID=0x2204)
    Vendor:   
    VRAM:     24348 MB
    Driver:   30.0.14.9613
Shader 'Oculus/OVRMRCameraFrameLit': fallback shader 'Alpha-Diffuse' not found
Initialize mono
Mono path[0] = 'C:/Program Files/Unity/Hub/Editor/2020.3.11f1/Editor/Data/Managed'
Mono path[1] = 'C:/Program Files/Unity/Hub/Editor/2020.3.11f1/Editor/Data/MonoBleedingEdge/lib/mono/unityjit'
Mono config path = 'C:/Program Files/Unity/Hub/Editor/2020.3.11f1/Editor/Data/MonoBleedingEdge/etc'
Using monoOptions --debugger-agent=transport=dt_socket,embedding=1,server=y,suspend=n,address=127.0.0.1:56784
Begin MonoManager ReloadAssembly
Registering precompiled unity dll's ...
Register platform support module: C:/Program Files/Unity/Hub/Editor/2020.3.11f1/Editor/Data/PlaybackEngines/WebGLSupport/UnityEditor.WebGL.Extensions.dll
Register platform support module: C:/Program Files/Unity/Hub/Editor/2020.3.11f1/Editor/Data/PlaybackEngines/WindowsStandaloneSupport/UnityEditor.WindowsStandalone.Extensions.dll
Registered in 0.001737 seconds.
Native extension for WindowsStandalone target not found
Native extension for WebGL target not found
Refreshing native plugins compatible for Editor in 53.53 ms, found 19 plugins.
Preloading 3 native plugins for Editor in 0.07 ms.
Mono: successfully reloaded assembly
- Completed reload, in  0.815 seconds
Platform modules already initialized, skipping
Registering precompiled user dll's ...
Registered in 0.008617 seconds.
Begin MonoManager ReloadAssembly
Error: Could not load signature of UnityEditor.XR.ARKit.XcodeAssetCatalog:WriteAndAddToPBXProject due to: Could not load file or assembly 'UnityEditor.iOS.Extensions.Xcode, Version=1.0.0.0, Culture=neutral, PublicKeyToken=null' or one of its dependencies. assembly:UnityEditor.iOS.Extensions.Xcode, Version=1.0.0.0, Culture=neutral, PublicKeyToken=null type:<unknown type> member:(null) signature:<none>

Unloading broken assembly Library/ScriptAssemblies/Unity.XR.ARKit.Editor.dll, this assembly can cause crashes in the runtime

Native extension for WindowsStandalone target not found
Native extension for WebGL target not found
Refreshing native plugins compatible for Editor in 51.23 ms, found 19 plugins.
Preloading 3 native plugins for Editor in 0.07 ms.
System.NullReferenceException: Object reference not set to an instance of an object
  at Vuforia.EditorClasses.ExtensionTypeProvider.GetVuforiaPackageAbsPath () [0x0004a] in <8c7c352943ca478e890a7dfd528a7666>:0 
  at Vuforia.EditorClasses.ExtensionTypeProvider.IsPackageManager () [0x00000] in <8c7c352943ca478e890a7dfd528a7666>:0 
  at Vuforia.EditorClasses.ExtensionTypeProvider.ResolvePluginType () [0x00009] in <8c7c352943ca478e890a7dfd528a7666>:0 
  at Vuforia.EditorClasses.ExtensionTypeProvider.GetPluginType () [0x0000c] in <8c7c352943ca478e890a7dfd528a7666>:0 
  at Vuforia.EditorClasses.VuforiaUtilities.IsVuforiaEnabledInPlayerSettings () [0x00000] in <8c7c352943ca478e890a7dfd528a7666>:0 
  at VuforiaEnabledObserver..cctor () [0x00000] in <8c7c352943ca478e890a7dfd528a7666>:0 
UnityEngine.StackTraceUtility:ExtractStackTrace ()
UnityEngine.DebugLogHandler:LogFormat (UnityEngine.LogType,UnityEngine.Object,string,object[])
UnityEngine.Logger:Log (UnityEngine.LogType,object)
UnityEngine.Debug:LogError (object)
UnityEditor.EditorAssemblies:ProcessInitializeOnLoadAttributes (System.Type[])

System.NullReferenceException: Object reference not set to an instance of an object
  at Vuforia.EditorClasses.ExtensionTypeProvider.GetVuforiaPackageAbsPath () [0x0004a] in <8c7c352943ca478e890a7dfd528a7666>:0 
  at Vuforia.EditorClasses.ExtensionTypeProvider.IsPackageManager () [0x00000] in <8c7c352943ca478e890a7dfd528a7666>:0 
  at Vuforia.EditorClasses.ExtensionTypeProvider.ResolvePluginType () [0x00009] in <8c7c352943ca478e890a7dfd528a7666>:0 
  at Vuforia.EditorClasses.ExtensionTypeProvider.GetPluginType () [0x0000c] in <8c7c352943ca478e890a7dfd528a7666>:0 
  at Vuforia.EditorClasses.VuforiaUtilities.IsVuforiaEnabledInPlayerSettings () [0x00000] in <8c7c352943ca478e890a7dfd528a7666>:0 
  at Vuforia.EditorClasses.InitializeOnLoadVuforiaTaskRunner..cctor () [0x00015] in <8c7c352943ca478e890a7dfd528a7666>:0 
UnityEngine.StackTraceUtility:ExtractStackTrace ()
UnityEngine.DebugLogHandler:LogFormat (UnityEngine.LogType,UnityEngine.Object,string,object[])
UnityEngine.Logger:Log (UnityEngine.LogType,object)
UnityEngine.Debug:LogError (object)
UnityEditor.EditorAssemblies:ProcessInitializeOnLoadAttributes (System.Type[])

[XR] Error loading subsystem: Display (1) (header mismatch?)
[XR] [MROpenXR][Info   ][12:46:28.140414][tid:20fc] MeshProvider_RegisterLifecycleProvider
[XR] [MROpenXR][Info   ][12:46:28.140482][tid:20fc] InputProvider_RegisterLifeCycleProvider
[XR] [MROpenXR][Info   ][12:46:28.140903][tid:20fc] MicrosoftOpenXRPlugin_SetPluginEnvironment unityVersion=2020.3.11f1
[XR] [MROpenXR][Info   ][12:46:28.141248][tid:20fc] MicrosoftOpenXRPlugin_SetPluginEnvironment openXRPluginVersion=1.3.1
[XR] [MROpenXR][Info   ][12:46:28.141280][tid:20fc] MicrosoftOpenXRPlugin_SetPluginEnvironment mrOpenXRPluginVersion=1.3.0.0
[XR] [MROpenXR][Info   ][12:46:28.141328][tid:20fc] OnPluginStarted UnityVersion=2020.3.11f1 OpenXRPluginVersion=1.3.1 MROpenXRPluginVersion=1.3.0.0 PartA_PrivTags=33554432
Mono: successfully reloaded assembly
- Completed reload, in  1.792 seconds
Platform modules already initialized, skipping
========================================================================
Worker process is ready to serve import requests
Shader 'Oculus/OVRMRCameraFrameLit': fallback shader 'Alpha-Diffuse' not found
Launched and connected shader compiler UnityShaderCompiler.exe after 0.03 seconds
Refreshing native plugins compatible for Editor in 1.23 ms, found 19 plugins.
Preloading 3 native plugins for Editor in 0.08 ms.
Unloading 3915 Unused Serialized files (Serialized files now loaded: 0)
System memory in use before: 435.6 MB.
System memory in use after: 435.3 MB.

Unloading 988 unused Assets to reduce memory usage. Loaded Objects now: 4565.
Total: 4.361000 ms (FindLiveObjects: 0.517100 ms CreateObjectMapping: 0.132600 ms MarkObjects: 2.953700 ms  DeleteObjects: 0.756400 ms)

========================================================================
Received Import Request.
  path: Assets/Oculus/VR/Oculus.VR.asmdef
  artifactKey: Guid(f64c9ebcd7899c3448a08dc9f9ddbe30) Importer(815301076,1909f56bfc062723c751e8b465ee728b)
Start importing Assets/Oculus/VR/Oculus.VR.asmdef using Guid(f64c9ebcd7899c3448a08dc9f9ddbe30) Importer(815301076,1909f56bfc062723c751e8b465ee728b)  -> (artifact id: 'ec58c27960f27b1608995e5d8e32e06b') in 0.036867 seconds
  Import took 0.042401 seconds .

========================================================================
Received Import Request.
  Time since last request: 9.848479 seconds.
  path: Assets/Scenes/Tokaido.unity
  artifactKey: Guid(9fc0d4010bbf28b4594072e72b8655ab) Importer(815301076,1909f56bfc062723c751e8b465ee728b)
Start importing Assets/Scenes/Tokaido.unity using Guid(9fc0d4010bbf28b4594072e72b8655ab) Importer(815301076,1909f56bfc062723c751e8b465ee728b)  -> (artifact id: '17794c4cceeea3e04a7179744562efc8') in 0.010412 seconds
  Import took 0.015776 seconds .

========================================================================
Received Import Request.
  Time since last request: 2.171325 seconds.
  path: Assets/Scenes/AreaTarget.unity
  artifactKey: Guid(1b295e9ed90412b4980abc83f8ea887e) Importer(815301076,1909f56bfc062723c751e8b465ee728b)
Start importing Assets/Scenes/AreaTarget.unity using Guid(1b295e9ed90412b4980abc83f8ea887e) Importer(815301076,1909f56bfc062723c751e8b465ee728b)  -> (artifact id: '7cc5be65555a30e191315aae19fac914') in 0.005386 seconds
  Import took 0.010423 seconds .

AssetImportWorkerClient::OnTransportError - code=2 error=End of file
